2025-12-27 14:23:48 [INFO]: Fetching user and agency counts
2025-12-27 14:23:48 [INFO]: Fetching top 10 agencies
2025-12-27 14:23:48 [INFO]: Fetching coupon performance
2025-12-27 14:23:48 [INFO]: Fetching coupon category ratios
2025-12-27 14:23:48 [INFO]: Fetching recent activities (page: 1, limit: 20)
2025-12-29 11:34:01 [INFO]: Fetching user and agency counts
2025-12-29 11:34:01 [INFO]: Fetching top 10 agencies
2025-12-29 11:34:01 [INFO]: Fetching coupon performance
2025-12-29 11:34:01 [INFO]: Fetching coupon category ratios
2025-12-29 11:34:01 [INFO]: Fetching recent activities (page: 1, limit: 20)
2025-12-29 11:34:38 [INFO]: Fetching user and agency counts
2025-12-29 11:34:38 [INFO]: Fetching top 10 agencies
2025-12-29 11:34:38 [INFO]: Fetching coupon performance
2025-12-29 11:34:38 [INFO]: Fetching coupon category ratios
2025-12-29 11:34:38 [INFO]: Fetching recent activities (page: 1, limit: 20)
2025-12-29 11:43:31 [INFO]: Fetching user and agency counts
2025-12-29 11:43:31 [INFO]: Fetching top 10 agencies
2025-12-29 11:43:31 [INFO]: Fetching coupon performance
2025-12-29 11:43:31 [INFO]: Fetching coupon category ratios
2025-12-29 11:43:31 [INFO]: Fetching recent activities (page: 1, limit: 20)
2025-12-29 12:09:24 [INFO]: Fetching user and agency counts
2025-12-29 12:09:24 [INFO]: Fetching top 10 agencies
2025-12-29 12:09:24 [INFO]: Fetching coupon performance
2025-12-29 12:09:24 [INFO]: Fetching coupon category ratios
2025-12-29 12:09:24 [INFO]: Fetching recent activities (page: 1, limit: 20)
2025-12-29 15:50:34 [INFO]: Fetching user and agency counts
2025-12-29 15:50:34 [INFO]: Fetching top 10 agencies
2025-12-29 15:50:34 [INFO]: Fetching coupon performance
2025-12-29 15:50:34 [INFO]: Fetching coupon category ratios
2025-12-29 15:50:34 [INFO]: Fetching recent activities (page: 1, limit: 20)
2025-12-29 15:50:50 [INFO]: Fetching user and agency counts
2025-12-29 15:50:50 [INFO]: Fetching top 10 agencies
2025-12-29 15:50:50 [INFO]: Fetching coupon performance
2025-12-29 15:50:50 [INFO]: Fetching coupon category ratios
2025-12-29 15:50:50 [INFO]: Fetching recent activities (page: 1, limit: 20)
2025-12-29 15:52:06 [INFO]: Fetching user and agency counts
2025-12-29 15:52:06 [INFO]: Fetching top 10 agencies
2025-12-29 15:52:06 [INFO]: Fetching coupon performance
2025-12-29 15:52:06 [INFO]: Fetching coupon category ratios
2025-12-29 15:52:06 [INFO]: Fetching recent activities (page: 1, limit: 20)
2025-12-29 15:53:24 [INFO]: Fetching user and agency counts
2025-12-29 15:53:24 [INFO]: Fetching top 10 agencies
2025-12-29 15:53:24 [INFO]: Fetching coupon performance
2025-12-29 15:53:24 [INFO]: Fetching coupon category ratios
2025-12-29 15:53:24 [INFO]: Fetching recent activities (page: 1, limit: 20)
2025-12-29 15:55:48 [INFO]: Fetching user and agency counts
2025-12-29 15:55:48 [INFO]: Fetching top 10 agencies
2025-12-29 15:55:48 [INFO]: Fetching coupon performance
2025-12-29 15:55:48 [INFO]: Fetching coupon category ratios
2025-12-29 15:55:48 [INFO]: Fetching recent activities (page: 1, limit: 20)
2025-12-29 16:32:04 [INFO]: Fetching user and agency counts
2025-12-29 16:32:04 [INFO]: Fetching top 10 agencies
2025-12-29 16:32:04 [INFO]: Fetching coupon performance
2025-12-29 16:32:04 [INFO]: Fetching coupon category ratios
2025-12-29 16:32:04 [INFO]: Fetching recent activities (page: 1, limit: 20)
2025-12-29 16:32:40 [INFO]: Fetching user and agency counts
2025-12-29 16:32:40 [INFO]: Fetching top 10 agencies
2025-12-29 16:32:40 [INFO]: Fetching recent activities (page: 1, limit: 20)
2025-12-29 16:32:40 [INFO]: Fetching coupon performance
2025-12-29 16:32:40 [INFO]: Fetching coupon category ratios
2025-12-29 16:32:46 [INFO]: Fetching user and agency counts
2025-12-29 16:32:46 [INFO]: Fetching top 10 agencies
2025-12-29 16:32:46 [INFO]: Fetching coupon performance
2025-12-29 16:32:48 [INFO]: Fetching coupon category ratios
2025-12-29 16:32:52 [INFO]: Fetching recent activities (page: 1, limit: 20)
2025-12-29 16:33:01 [INFO]: Fetching user and agency counts
2025-12-29 16:33:01 [INFO]: Fetching top 10 agencies
2025-12-29 16:33:01 [INFO]: Fetching coupon performance
2025-12-29 16:33:01 [INFO]: Fetching recent activities (page: 1, limit: 20)
2025-12-29 16:33:01 [INFO]: Fetching coupon category ratios
2025-12-29 16:34:35 [INFO]: Fetching user and agency counts
2025-12-29 16:34:35 [INFO]: Fetching coupon performance
2025-12-29 16:34:35 [INFO]: Fetching top 10 agencies
2025-12-29 16:35:11 [INFO]: Fetching recent activities (page: 1, limit: 20)
2025-12-29 16:35:22 [INFO]: Fetching coupon category ratios
2025-12-29 16:35:53 [INFO]: Fetching user and agency counts
2025-12-29 16:35:53 [INFO]: Fetching top 10 agencies
2025-12-29 16:35:53 [INFO]: Fetching coupon performance
2025-12-29 16:35:53 [INFO]: Fetching coupon category ratios
2025-12-29 16:35:59 [INFO]: Fetching top 10 agencies
2025-12-29 16:35:59 [INFO]: Fetching recent activities (page: 1, limit: 20)
2025-12-29 16:35:59 [INFO]: Fetching coupon category ratios
2025-12-29 16:36:04 [INFO]: Fetching user and agency counts
2025-12-29 16:36:05 [INFO]: Fetching coupon performance
2025-12-29 16:36:17 [INFO]: Fetching recent activities (page: 1, limit: 20)
2025-12-29 16:36:29 [INFO]: Fetching user and agency counts
2025-12-29 16:36:29 [INFO]: Fetching top 10 agencies
2025-12-29 16:36:29 [INFO]: Fetching recent activities (page: 1, limit: 20)
2025-12-29 16:36:29 [INFO]: Fetching coupon performance
2025-12-29 16:36:29 [INFO]: Fetching coupon category ratios
2025-12-30 12:11:22 [INFO]: Fetching user and agency counts
2025-12-30 12:11:22 [INFO]: Fetching top 10 agencies
2025-12-30 12:11:22 [INFO]: Fetching recent activities (page: 1, limit: 20)
2025-12-30 12:11:22 [INFO]: Fetching coupon performance
2025-12-30 12:11:22 [INFO]: Fetching coupon category ratios
2025-12-30 13:16:59 [INFO]: Fetching user and agency counts
2025-12-30 13:16:59 [INFO]: Fetching top 10 agencies
2025-12-30 13:16:59 [INFO]: Fetching coupon performance
2025-12-30 13:16:59 [INFO]: Fetching coupon category ratios
2025-12-30 13:16:59 [INFO]: Fetching recent activities (page: 1, limit: 20)
2025-12-30 13:25:42 [INFO]: Fetching user and agency counts
2025-12-30 13:25:42 [INFO]: Fetching top 10 agencies
2025-12-30 13:25:42 [INFO]: Fetching coupon performance
2025-12-30 13:25:42 [INFO]: Fetching coupon category ratios
2025-12-30 13:25:42 [INFO]: Fetching recent activities (page: 1, limit: 20)
2025-12-30 17:05:04 [INFO]: Fetching user and agency counts
2025-12-30 17:05:04 [INFO]: Fetching top 10 agencies
2025-12-30 17:05:04 [INFO]: Fetching coupon performance
2025-12-30 17:05:04 [INFO]: Fetching coupon category ratios
2025-12-30 17:05:04 [INFO]: Fetching recent activities (page: 1, limit: 20)
